app/build/outputs/mapping/release/seeds.txt
com.nejc.mamiapp.R$anim: int abc_fade_in
com.nejc.mamiapp.R$anim: int abc_fade_out
com.nejc.mamiapp.R$anim: int abc_grow_fade_in_from_bottom
com.nejc.mamiapp.R$anim: int abc_popup_enter
com.nejc.mamiapp.R$anim: int abc_popup_exit
com.nejc.mamiapp.R$anim: int abc_shrink_fade_out_from_bottom
com.nejc.mamiapp.R$anim: int abc_slide_in_bottom
com.nejc.mamiapp.R$anim: int abc_slide_in_top
com.nejc.mamiapp.R$anim: int abc_slide_out_bottom
com.nejc.mamiapp.R$anim: int abc_slide_out_top
com.nejc.mamiapp.R$anim: int design_fab_in
com.nejc.mamiapp.R$anim: int design_fab_out
com.nejc.mamiapp.R$anim: int design_snackbar_in
com.nejc.mamiapp.R$anim: int design_snackbar_out
com.nejc.mamiapp.R$anim: int show
com.nejc.mamiapp.R$animator: int show
com.nejc.mamiapp.R$animator: int translate_vertical_down
com.nejc.mamiapp.R$animator: int translate_vertical_up
com.nejc.mamiapp.R$attr: int actionBarDivider
com.nejc.mamiapp.R$attr: int actionBarItemBackground
com.nejc.mamiapp.R$attr: int actionBarPopupTheme
com.nejc.mamiapp.R$attr: int actionBarSize
com.nejc.mamiapp.R$attr: int actionBarSplitStyle
com.nejc.mamiapp.R$attr: int actionBarStyle
com.nejc.mamiapp.R$attr: int actionBarTabBarStyle
com.nejc.mamiapp.R$attr: int actionBarTabStyle
com.nejc.mamiapp.R$attr: int actionBarTabTextStyle
com.nejc.mamiapp.R$attr: int actionBarTheme
com.nejc.mamiapp.R$attr: int actionBarWidgetTheme
com.nejc.mamiapp.R$attr: int actionButtonStyle
com.nejc.mamiapp.R$attr: int actionDropDownStyle
com.nejc.mamiapp.R$attr: int actionLayout
com.nejc.mamiapp.R$attr: int actionMenuTextAppearance
com.nejc.mamiapp.R$attr: int actionMenuTextColor
com.nejc.mamiapp.R$attr: int actionModeBackground
com.nejc.mamiapp.R$attr: int actionModeCloseButtonStyle
com.nejc.mamiapp.R$attr: int actionModeCloseDrawable
com.nejc.mamiapp.R$attr: int actionModeCopyDrawable
com.nejc.mamiapp.R$attr: int actionModeCutDrawable
com.nejc.mamiapp.R$attr: int actionModeFindDrawable
com.nejc.mamiapp.R$attr: int actionModePasteDrawable
com.nejc.mamiapp.R$attr: int actionModePopupWindowStyle
com.nejc.mamiapp.R$attr: int actionModeSelectAllDrawable
com.nejc.mamiapp.R$attr: int actionModeShareDrawable
com.nejc.mamiapp.R$attr: int actionModeSplitBackground
com.nejc.mamiapp.R$attr: int actionModeStyle
com.nejc.mamiapp.R$attr: int actionModeWebSearchDrawable
com.nejc.mamiapp.R$bool: int abc_action_bar_embed_tabs
com.nejc.mamiapp.R$bool: int abc_action_bar_embed_tabs_pre_jb
com.nejc.mamiapp.R$bool: int abc_action_bar_expanded_action_views_exclusive
com.nejc.mamiapp.R$bool: int abc_allow_stacked_button_bar
com.nejc.mamiapp.R$bool: int abc_config_actionMenuItemAllCaps
com.nejc.mamiapp.R$bool: int abc_config_allowActionMenuItemTextWithIcon
com.nejc.mamiapp.R$bool: int abc_config_closeDialogWhenTouchOutside
com.nejc.mamiapp.R$bool: int abc_config_showMenuShortcutsWhenKeyboardPresent
...
android.support.v4.media.session.PlaybackStateCompat: android.os.Parcelable$Creator CREATOR
android.support.v4.media.session.PlaybackStateCompat$CustomAction: android.os.Parcelable$Creator CREATOR
android.support.v4.os.ResultReceiver: android.os.Parcelable$Creator CREATOR
android.support.v4.view.PagerTabStrip: void setTabIndicatorColor(int)
android.support.v4.view.PagerTabStrip: void setTabIndicatorColorResource(int)
android.support.v4.view.PagerTabStrip: int getTabIndicatorColor()
android.support.v4.view.PagerTabStrip: void setTextSpacing(int)
android.support.v4.view.PagerTabStrip: void setBackgroundDrawable(android.graphics.drawable.Drawable)
android.support.v4.view.PagerTabStrip: void setBackgroundColor(int)
android.support.v4.view.PagerTabStrip: void setBackgroundResource(int)
android.support.v4.view.PagerTabStrip: void setDrawFullUnderline(boolean)
android.support.v4.view.PagerTabStrip: boolean getDrawFullUnderline()
android.support.v4.view.PagerTabStrip: int getMinHeight()
android.support.v4.view.PagerTitleStrip: void setSingleLineAllCaps(android.widget.TextView)
android.support.v4.view.PagerTitleStrip: void setTextSpacing(int)
android.support.v4.view.PagerTitleStrip: int getTextSpacing()
android.support.v4.view.PagerTitleStrip: void setNonPrimaryAlpha(float)
android.support.v4.view.PagerTitleStrip: void setTextColor(int)
android.support.v4.view.PagerTitleStrip: void setGravity(int)
android.support.v4.view.PagerTitleStrip: int getMinHeight()
android.support.v4.view.ViewPager
android.support.v4.view.ViewPager: ViewPager(android.content.Context)
android.support.v4.view.ViewPager: ViewPager(android.content.Context,android.util.AttributeSet)
android.support.v4.view.ViewPager: void setScrollState(int)
android.support.v4.view.ViewPager: void setAdapter(android.support.v4.view.PagerAdapter)
android.support.v4.view.ViewPager: android.support.v4.view.PagerAdapter getAdapter()
android.support.v4.view.ViewPager: void setOnAdapterChangeListener(android.support.v4.view.ViewPager$OnAdapterChangeListener)
android.support.v4.view.ViewPager: int getClientWidth()
android.support.v4.view.ViewPager: void setCurrentItem(int)
android.support.v4.view.ViewPager: int getCurrentItem()
android.support.v4.view.ViewPager: void setOnPageChangeListener(android.support.v4.view.ViewPager$OnPageChangeListener)
android.support.v4.view.ViewPager: void setChildrenDrawingOrderEnabledCompat(boolean)
android.support.v4.view.ViewPager: int getOffscreenPageLimit()
android.support.v4.view.ViewPager: void setOffscreenPageLimit(int)
android.support.v4.view.ViewPager: void setPageMargin(int)
android.support.v4.view.ViewPager: int getPageMargin()
android.support.v4.view.ViewPager: void setPageMarginDrawable(android.graphics.drawable.Drawable)
android.support.v4.view.ViewPager: void setPageMarginDrawable(int)
android.support.v4.view.ViewPager: void setScrollingCacheEnabled(boolean)
android.support.v4.view.ViewPager$SavedState: android.os.Parcelable$Creator CREATOR
android.support.v4.widget.DrawerLayout: void setDrawerElevation(float)
android.support.v4.widget.DrawerLayout: float getDrawerElevation()
android.support.v4.widget.DrawerLayout: void setScrimColor(int)
android.support.v4.widget.DrawerLayout: void setDrawerListener(android.support.v4.widget.DrawerLayout$DrawerListener)
android.support.v4.widget.DrawerLayout: void setDrawerLockMode(int)
android.support.v4.widget.DrawerLayout: void setStatusBarBackground(android.graphics.drawable.Drawable)
android.support.v4.widget.DrawerLayout: android.graphics.drawable.Drawable getStatusBarBackgroundDrawable()
android.support.v4.widget.DrawerLayout: void setStatusBarBackground(int)
android.support.v4.widget.DrawerLayout: void setStatusBarBackgroundColor(int)
android.support.v4.widget.DrawerLayout$SavedState: android.os.Parcelable$Creator CREATOR