app/build/outputs/mapping/release/mapping.txt
com.nejc.mamiapp.activities.InputActivity -> com.nejc.mamiapp.activities.InputActivity:
    android.content.Context context -> i
    android.content.SharedPreferences pref -> j
    android.app.FragmentManager manager -> k
    android.support.v4.view.ViewPager pager -> l
    com.nejc.mamiapp.fragments_and_adapters.ViewPagerAdapter adapter -> m
    com.nejc.mamiapp.fragments_and_adapters.ChooserFragment fragmentToAdd -> n
    int selectedDay -> o
    int selectedMonth -> p
    int selectedYear -> q
    void <init>() -> <init>
    void onCreate(android.os.Bundle) -> onCreate
    void onResume() -> onResume
    void onListItemClicked(int,int,int) -> a
    void onHideChooser(int) -> a
com.nejc.mamiapp.activities.MainActivity -> com.nejc.mamiapp.activities.MainActivity:
    java.lang.String DATABASE_LOG -> i
    void <init>() -> <init>
    void onCreate(android.os.Bundle) -> onCreate
com.nejc.mamiapp.activities.MainActivity$1 -> com.nejc.mamiapp.activities.MainActivity$1:
    com.nejc.mamiapp.activities.MainActivity this$0 -> a
    void <init>(com.nejc.mamiapp.activities.MainActivity) -> <init>
    void onClick(android.view.View) -> onClick
com.nejc.mamiapp.activities.MainActivity$2 -> com.nejc.mamiapp.activities.MainActivity$2:
    com.nejc.mamiapp.activities.MainActivity this$0 -> a
    void <init>(com.nejc.mamiapp.activities.MainActivity) -> <init>
    void onClick(android.view.View) -> onClick
com.nejc.mamiapp.activities.OverviewActivity -> com.nejc.mamiapp.activities.OverviewActivity:
    int state -> i
    android.widget.ImageView image -> j
    android.widget.ImageView image2 -> k
    void <init>() -> <init>
    void onCreate(android.os.Bundle) -> onCreate
com.nejc.mamiapp.fragments_and_adapters.ChooserFragment -> com.nejc.mamiapp.a.a:
    com.nejc.mamiapp.helpers.InterFragmentInterface commInterface -> a
    int day -> b
    int month -> c
    int year -> d
    void <init>() -> <init>
    android.view.View onCreateView(android.view.LayoutInflater,android.view.ViewGroup,android.os.Bundle) -> onCreateView
    void onActivityCreated(android.os.Bundle) -> onActivityCreated
    void setSelectedDate(int,int,int) -> a
com.nejc.mamiapp.fragments_and_adapters.ChooserFragment$1 -> com.nejc.mamiapp.a.a$1:
    com.nejc.mamiapp.fragments_and_adapters.ChooserFragment this$0 -> a
    void <init>(com.nejc.mamiapp.fragments_and_adapters.ChooserFragment) -> <init>
    void onItemClick(android.widget.AdapterView,android.view.View,int,long) -> onItemClick
com.nejc.mamiapp.fragments_and_adapters.GridViewChooserAdapter -> com.nejc.mamiapp.a.b:
    int[] listImages -> a
    void <init>(int[]) -> <init>
    int getCount() -> getCount
    java.lang.Object getItem(int) -> getItem
    long getItemId(int) -> getItemId
    android.view.View getView(int,android.view.View,android.view.ViewGroup) -> getView
com.nejc.mamiapp.fragments_and_adapters.ViewPagerAdapter -> com.nejc.mamiapp.a.c:
    int min_year -> b
    java.util.HashMap fragmentDataBase -> a
    void <init>(android.support.v4.app.FragmentManager) -> <init>
    android.support.v4.app.Fragment getItem(int) -> a
    int getCount() -> b
    java.lang.Object instantiateItem(android.view.ViewGroup,int) -> a
    void notifyFragment(int) -> c
...
android.support.v7.internal.view.ActionBarPolicy -> android.support.v7.internal.view.a:
    android.content.Context mContext -> a
    android.support.v7.internal.view.ActionBarPolicy get(android.content.Context) -> a
    void <init>(android.content.Context) -> <init>
    int getMaxActionButtons() -> a
    boolean showsOverflowMenuButton() -> b
    int getEmbeddedMenuWidthLimit() -> c
    boolean hasEmbeddedTabs() -> d
    int getTabContainerHeight() -> e
    boolean enableHomeButtonByDefault() -> f
    int getStackedTabMaxWidth() -> g
android.support.v7.internal.view.ContextThemeWrapper -> android.support.v7.internal.view.b:
    int mThemeResource -> a
    android.content.res.Resources$Theme mTheme -> b
    android.view.LayoutInflater mInflater -> c
    void <init>(android.content.Context,int) -> <init>
    void <init>(android.content.Context,android.content.res.Resources$Theme) -> <init>
    void setTheme(int) -> setTheme
    int getThemeResId() -> a
    android.content.res.Resources$Theme getTheme() -> getTheme
    java.lang.Object getSystemService(java.lang.String) -> getSystemService
    void onApplyThemeResource(android.content.res.Resources$Theme,int,boolean) -> a
    void initializeTheme() -> b
android.support.v7.internal.view.StandaloneActionMode -> android.support.v7.internal.view.c:
    android.content.Context mContext -> a
    android.support.v7.internal.widget.ActionBarContextView mContextView -> b
    android.support.v7.view.ActionMode$Callback mCallback -> c
    java.lang.ref.WeakReference mCustomView -> d
    boolean mFinished -> e
    boolean mFocusable -> f
    android.support.v7.internal.view.menu.MenuBuilder mMenu -> g
    void <init>(android.content.Context,android.support.v7.internal.widget.ActionBarContextView,android.support.v7.view.ActionMode$Callback,boolean) -> <init>
    void setTitle(java.lang.CharSequence) -> b
    void setSubtitle(java.lang.CharSequence) -> a
    void setTitle(int) -> a
    void setSubtitle(int) -> b
    void setTitleOptionalHint(boolean) -> a
    boolean isTitleOptional() -> h
    void setCustomView(android.view.View) -> a
    void invalidate() -> d
    void finish() -> c
    android.view.Menu getMenu() -> b
    java.lang.CharSequence getTitle() -> f
    java.lang.CharSequence getSubtitle() -> g
    android.view.View getCustomView() -> i
    android.view.MenuInflater getMenuInflater() -> a
    boolean onMenuItemSelected(android.support.v7.internal.view.menu.MenuBuilder,android.view.MenuItem) -> a
    void onMenuModeChange(android.support.v7.internal.view.menu.MenuBuilder) -> a
android.support.v7.internal.view.SupportActionModeWrapper -> android.support.v7.internal.view.d:
    android.content.Context mContext -> a
    android.support.v7.view.ActionMode mWrappedObject -> b
    void <init>(android.content.Context,android.support.v7.view.ActionMode) -> <init>
    java.lang.Object getTag() -> getTag
    void setTag(java.lang.Object) -> setTag
    void setTitle(java.lang.CharSequence) -> setTitle
    void setSubtitle(java.lang.CharSequence) -> setSubtitle
    void invalidate() -> invalidate
    void finish() -> finish
    android.view.Menu getMenu() -> getMenu
    java.lang.CharSequence getTitle() -> getTitle
    void setTitle(int) -> setTitle
    java.lang.CharSequence getSubtitle() -> getSubtitle
    void setSubtitle(int) -> setSubtitle
    android.view.View getCustomView() -> getCustomView
    void setCustomView(android.view.View) -> setCustomView
    android.view.MenuInflater getMenuInflater() -> getMenuInflater
    boolean getTitleOptionalHint() -> getTitleOptionalHint
    void setTitleOptionalHint(boolean) -> setTitleOptionalHint
    boolean isTitleOptional() -> isTitleOptional