app/build/outputs/mapping/release/usage.txt
com.nejc.mamiapp.BuildConfig
com.nejc.mamiapp.R
com.nejc.mamiapp.R$anim
com.nejc.mamiapp.R$animator
com.nejc.mamiapp.R$attr
com.nejc.mamiapp.R$bool
com.nejc.mamiapp.R$color
com.nejc.mamiapp.R$dimen
com.nejc.mamiapp.R$drawable
com.nejc.mamiapp.R$id
com.nejc.mamiapp.R$integer
com.nejc.mamiapp.R$layout
com.nejc.mamiapp.R$mipmap
com.nejc.mamiapp.R$string
com.nejc.mamiapp.R$style
com.nejc.mamiapp.R$styleable
com.nejc.mamiapp.activities.InputActivity:
    android.app.PendingIntent reNotify
com.nejc.mamiapp.fragments_and_adapters.ChooserFragment:
    android.content.Context mContext
    private android.widget.ImageView dop_kuh
    private android.widget.ImageView pop_kuh
    private android.widget.ImageView dop_sank
    private android.widget.ImageView pop_sank
    private android.widget.ImageView prosto
    private android.widget.ImageView dopust
    private int dummy
com.nejc.mamiapp.fragments_and_adapters.GridViewAdapter
com.nejc.mamiapp.fragments_and_adapters.ViewPagerAdapter:
    int currentPosition
com.nejc.mamiapp.helpers.DataBaseHelper:
    private static final java.lang.String DATABASE_NAME
    private static final java.lang.String TABLE_NAME
    private static final int DATABASE_VERSION
    175:175:public int updateRows(int,int,int)
    205:211:public int readRows(int,int)
com.nejc.mamiapp.helpers.Enums
com.nejc.mamiapp.helpers.MyDataBaseHelper:
    26:26:public MyDataBaseHelper()
    30:42:public static void initializeDatabase(int,int,int,android.database.sqlite.SQLiteDatabase,java.lang.String)
    47:51:public static void setBackDatabase(int,int,android.database.sqlite.SQLiteDatabase,java.lang.String)
com.nejc.mamiapp.services.NotificationService
...
android.support.v4.graphics.drawable.RoundedBitmapDrawable
android.support.v4.graphics.drawable.RoundedBitmapDrawable21
android.support.v4.graphics.drawable.RoundedBitmapDrawableFactory
android.support.v4.graphics.drawable.RoundedBitmapDrawableFactory$DefaultRoundedBitmapDrawable
android.support.v4.hardware.display.DisplayManagerCompat
android.support.v4.hardware.display.DisplayManagerCompat$JellybeanMr1Impl
android.support.v4.hardware.display.DisplayManagerCompat$LegacyImpl
android.support.v4.hardware.display.DisplayManagerJellybeanMr1
android.support.v4.hardware.fingerprint.FingerprintManagerCompat
android.support.v4.hardware.fingerprint.FingerprintManagerCompat$Api23FingerprintManagerCompatImpl
android.support.v4.hardware.fingerprint.FingerprintManagerCompat$Api23FingerprintManagerCompatImpl$1
android.support.v4.hardware.fingerprint.FingerprintManagerCompat$AuthenticationCallback
android.support.v4.hardware.fingerprint.FingerprintManagerCompat$AuthenticationResult
android.support.v4.hardware.fingerprint.FingerprintManagerCompat$CryptoObject
android.support.v4.hardware.fingerprint.FingerprintManagerCompat$FingerprintManagerCompatImpl
android.support.v4.hardware.fingerprint.FingerprintManagerCompat$LegacyFingerprintManagerCompatImpl
android.support.v4.hardware.fingerprint.FingerprintManagerCompatApi23
android.support.v4.hardware.fingerprint.FingerprintManagerCompatApi23$1
android.support.v4.hardware.fingerprint.FingerprintManagerCompatApi23$AuthenticationCallback
android.support.v4.hardware.fingerprint.FingerprintManagerCompatApi23$AuthenticationResultInternal
android.support.v4.hardware.fingerprint.FingerprintManagerCompatApi23$CryptoObject
android.support.v4.internal.view.SupportMenu:
    public static final int USER_MASK
    public static final int USER_SHIFT
    public static final int CATEGORY_MASK
    public static final int CATEGORY_SHIFT
android.support.v4.internal.view.SupportMenuItem:
    public static final int SHOW_AS_ACTION_NEVER
    public static final int SHOW_AS_ACTION_IF_ROOM
    public static final int SHOW_AS_ACTION_ALWAYS
    public static final int SHOW_AS_ACTION_WITH_TEXT
    public static final int SHOW_AS_ACTION_COLLAPSE_ACTION_VIEW
android.support.v4.media.IMediaBrowserServiceCompat
android.support.v4.media.IMediaBrowserServiceCompat$Stub
android.support.v4.media.IMediaBrowserServiceCompat$Stub$Proxy
android.support.v4.media.IMediaBrowserServiceCompatCallbacks
android.support.v4.media.IMediaBrowserServiceCompatCallbacks$Stub
android.support.v4.media.IMediaBrowserServiceCompatCallbacks$Stub$Proxy
android.support.v4.media.MediaBrowserCompat
android.support.v4.media.MediaBrowserCompat$1
android.support.v4.media.MediaBrowserCompat$ConnectionCallback
android.support.v4.media.MediaBrowserCompat$ItemCallback
android.support.v4.media.MediaBrowserCompat$MediaBrowserImplBase
android.support.v4.media.MediaBrowserCompat$MediaBrowserImplBase$1
android.support.v4.media.MediaBrowserCompat$MediaBrowserImplBase$2
android.support.v4.media.MediaBrowserCompat$MediaBrowserImplBase$3
android.support.v4.media.MediaBrowserCompat$MediaBrowserImplBase$4
android.support.v4.media.MediaBrowserCompat$MediaBrowserImplBase$5
android.support.v4.media.MediaBrowserCompat$MediaBrowserImplBase$6
android.support.v4.media.MediaBrowserCompat$MediaBrowserImplBase$7
android.support.v4.media.MediaBrowserCompat$MediaBrowserImplBase$MediaServiceConnection
android.support.v4.media.MediaBrowserCompat$MediaBrowserImplBase$ServiceCallbacks
android.support.v4.media.MediaBrowserCompat$MediaBrowserImplBase$Subscription
android.support.v4.media.MediaBrowserCompat$MediaItem
android.support.v4.media.MediaBrowserCompat$MediaItem$1
android.support.v4.media.MediaBrowserCompat$MediaItem$Flags
android.support.v4.media.MediaBrowserCompat$SubscriptionCallback
android.support.v4.media.MediaBrowserServiceCompat
android.support.v4.media.MediaBrowserServiceCompat$1
android.support.v4.media.MediaBrowserServiceCompat$2